Start testing: Apr 02 19:44 EDT
----------------------------------------------------------
1/1000 Testing: mytest1
1/1000 Test: mytest1
Command: "/home/ohr4/programs/cpp/lib_creation/build/tests/testex1"
Directory: .
"mytest1" start time: Apr 02 19:44 EDT
Output:
----------------------------------------------------------
we ClassEx1
<end of output>
Test time =   0.00 sec
----------------------------------------------------------
Test Passed.
"mytest1" end time: Apr 02 19:44 EDT
"mytest1" time elapsed: 00:00:00
----------------------------------------------------------

2/1000 Testing: mytest2
2/1000 Test: mytest2
Command: "/home/ohr4/programs/cpp/lib_creation/build/tests/testex2"
Directory: .
"mytest2" start time: Apr 02 19:44 EDT
Output:
----------------------------------------------------------
we ClassEx10
<end of output>
Test time =   0.00 sec
----------------------------------------------------------
Test Passed.
"mytest2" end time: Apr 02 19:44 EDT
"mytest2" time elapsed: 00:00:00
----------------------------------------------------------

3/1000 Testing: mytest3
3/1000 Test: mytest3
Command: "/home/ohr4/programs/cpp/lib_creation/build/tests/testex3"
Directory: .
"mytest3" start time: Apr 02 19:44 EDT
Output:
----------------------------------------------------------
we ClassEx100
<end of output>
Test time =   0.00 sec
----------------------------------------------------------
Test Passed.
"mytest3" end time: Apr 02 19:44 EDT
"mytest3" time elapsed: 00:00:00
----------------------------------------------------------

4/1000 Testing: mytest4
4/1000 Test: mytest4
Command: "/home/ohr4/programs/cpp/lib_creation/build/tests/testex4"
Directory: .
"mytest4" start time: Apr 02 19:44 EDT
Output:
----------------------------------------------------------
we ClassEx1000
<end of output>
Test time =   0.00 sec
----------------------------------------------------------
Test Passed.
"mytest4" end time: Apr 02 19:44 EDT
"mytest4" time elapsed: 00:00:00
----------------------------------------------------------

5/1000 Testing: mytest5
5/1000 Test: mytest5
Command: "/home/ohr4/programs/cpp/lib_creation/build/tests/testex5"
Directory: .
"mytest5" start time: Apr 02 19:44 EDT
Output:
----------------------------------------------------------
we ClassEx101
<end of output>
Test time =   0.00 sec
----------------------------------------------------------
Test Passed.
"mytest5" end time: Apr 02 19:44 EDT
"mytest5" time elapsed: 00:00:00
----------------------------------------------------------

6/1000 Testing: mytest6
6/1000 Test: mytest6
Command: "/home/ohr4/programs/cpp/lib_creation/build/tests/testex6"
Directory: .
"mytest6" start time: Apr 02 19:44 EDT
Output:
----------------------------------------------------------
we ClassEx102
<end of output>
Test time =   0.00 sec
----------------------------------------------------------
Test Passed.
"mytest6" end time: Apr 02 19:44 EDT
"mytest6" time elapsed: 00:00:00
----------------------------------------------------------

7/1000 Testing: mytest7
7/1000 Test: mytest7
Command: "/home/ohr4/programs/cpp/lib_creation/build/tests/testex7"
Directory: .
"mytest7" start time: Apr 02 19:44 EDT
Output:
----------------------------------------------------------
we ClassEx103
<end of output>
Test time =   0.00 sec
----------------------------------------------------------
Test Passed.
"mytest7" end time: Apr 02 19:44 EDT
"mytest7" time elapsed: 00:00:00
----------------------------------------------------------

8/1000 Testing: mytest8
8/1000 Test: mytest8
Command: "/home/ohr4/programs/cpp/lib_creation/build/tests/testex8"
Directory: .
"mytest8" start time: Apr 02 19:44 EDT
Output:
----------------------------------------------------------
we ClassEx104
<end of output>
Test time =   0.00 sec
----------------------------------------------------------
Test Passed.
"mytest8" end time: Apr 02 19:44 EDT
"mytest8" time elapsed: 00:00:00
----------------------------------------------------------

9/1000 Testing: mytest9
9/1000 Test: mytest9
Command: "/home/ohr4/programs/cpp/lib_creation/build/tests/testex9"
Directory: .
"mytest9" start time: Apr 02 19:44 EDT
Output:
----------------------------------------------------------
we ClassEx105
<end of output>
Test time =   0.00 sec
----------------------------------------------------------
Test Passed.
"mytest9" end time: Apr 02 19:44 EDT
"mytest9" time elapsed: 00:00:00
----------------------------------------------------------

10/1000 Testing: mytest10
10/1000 Test: mytest10
Command: "/home/ohr4/programs/cpp/lib_creation/build/tests/testex10"
Directory: .
"mytest10" start time: Apr 02 19:44 EDT
Output:
----------------------------------------------------------
we ClassEx106
<end of output>
Test time =   0.00 sec
----------------------------------------------------------
Test Passed.
"mytest10" end time: Apr 02 19:44 EDT
"mytest10" time elapsed: 00:00:00
----------------------------------------------------------

11/1000 Testing: mytest11
11/1000 Test: mytest11
Command: "/home/ohr4/programs/cpp/lib_creation/build/tests/testex11"
Directory: .
"mytest11" start time: Apr 02 19:44 EDT
Output:
----------------------------------------------------------
we ClassEx107
<end of output>
Test time =   0.00 sec
----------------------------------------------------------
Test Passed.
"mytest11" end time: Apr 02 19:44 EDT
"mytest11" time elapsed: 00:00:00
----------------------------------------------------------

12/1000 Testing: mytest12
12/1000 Test: mytest12
Command: "/home/ohr4/programs/cpp/lib_creation/build/tests/testex12"
Directory: .
"mytest12" start time: Apr 02 19:44 EDT
Output:
----------------------------------------------------------
we ClassEx108
<end of output>
Test time =   0.00 sec
----------------------------------------------------------
Test Passed.
"mytest12" end time: Apr 02 19:44 EDT
"mytest12" time elapsed: 00:00:00
----------------------------------------------------------

13/1000 Testing: mytest13
13/1000 Test: mytest13
Command: "/home/ohr4/programs/cpp/lib_creation/build/tests/testex13"
Directory: .
"mytest13" start time: Apr 02 19:44 EDT
Output:
----------------------------------------------------------
we ClassEx109
<end of output>
Test time =   0.00 sec
----------------------------------------------------------
Test Passed.
"mytest13" end time: Apr 02 19:44 EDT
"mytest13" time elapsed: 00:00:00
----------------------------------------------------------

14/1000 Testing: mytest14
14/1000 Test: mytest14
Command: "/home/ohr4/programs/cpp/lib_creation/build/tests/testex14"
Directory: .
"mytest14" start time: Apr 02 19:44 EDT
Output:
----------------------------------------------------------
we ClassEx11
<end of output>
Test time =   0.00 sec
----------------------------------------------------------
Test Passed.
"mytest14" end time: Apr 02 19:44 EDT
"mytest14" time elapsed: 00:00:00
----------------------------------------------------------

15/1000 Testing: mytest15
15/1000 Test: mytest15
Command: "/home/ohr4/programs/cpp/lib_creation/build/tests/testex15"
Directory: .
"mytest15" start time: Apr 02 19:44 EDT
Output:
----------------------------------------------------------
we ClassEx110
<end of output>
Test time =   0.00 sec
----------------------------------------------------------
Test Passed.
"mytest15" end time: Apr 02 19:44 EDT
"mytest15" time elapsed: 00:00:00
----------------------------------------------------------

16/1000 Testing: mytest16
16/1000 Test: mytest16
Command: "/home/ohr4/programs/cpp/lib_creation/build/tests/testex16"
Directory: .
"mytest16" start time: Apr 02 19:44 EDT
Output:
----------------------------------------------------------
we ClassEx111
<end of output>
Test time =   0.00 sec
----------------------------------------------------------
Test Passed.
"mytest16" end time: Apr 02 19:44 EDT
"mytest16" time elapsed: 00:00:00
----------------------------------------------------------

17/1000 Testing: mytest17
17/1000 Test: mytest17
Command: "/home/ohr4/programs/cpp/lib_creation/build/tests/testex17"
Directory: .
"mytest17" start time: Apr 02 19:44 EDT
Output:
----------------------------------------------------------
we ClassEx112
<end of output>
Test time =   0.00 sec
----------------------------------------------------------
Test Passed.
"mytest17" end time: Apr 02 19:44 EDT
"mytest17" time elapsed: 00:00:00
----------------------------------------------------------

18/1000 Testing: mytest18
18/1000 Test: mytest18
Command: "/home/ohr4/programs/cpp/lib_creation/build/tests/testex18"
Directory: .
"mytest18" start time: Apr 02 19:44 EDT
Output:
----------------------------------------------------------
we ClassEx113
<end of output>
Test time =   0.00 sec
----------------------------------------------------------
Test Passed.
"mytest18" end time: Apr 02 19:44 EDT
"mytest18" time elapsed: 00:00:00
----------------------------------------------------------

19/1000 Testing: mytest19
19/1000 Test: mytest19
Command: "/home/ohr4/programs/cpp/lib_creation/build/tests/testex19"
Directory: .
"mytest19" start time: Apr 02 19:44 EDT
Output:
----------------------------------------------------------
we ClassEx114
<end of output>
Test time =   0.00 sec
----------------------------------------------------------
Test Passed.
"mytest19" end time: Apr 02 19:44 EDT
"mytest19" time elapsed: 00:00:00
----------------------------------------------------------

20/1000 Testing: mytest20
20/1000 Test: mytest20
Command: "/home/ohr4/programs/cpp/lib_creation/build/tests/testex20"
Directory: .
"mytest20" start time: Apr 02 19:44 EDT
Output:
----------------------------------------------------------
we ClassEx115
<end of output>
Test time =   0.00 sec
----------------------------------------------------------
Test Passed.
"mytest20" end time: Apr 02 19:44 EDT
"mytest20" time elapsed: 00:00:00
----------------------------------------------------------

21/1000 Testing: mytest21
21/1000 Test: mytest21
Command: "/home/ohr4/programs/cpp/lib_creation/build/tests/testex21"
Directory: .
"mytest21" start time: Apr 02 19:44 EDT
Output:
----------------------------------------------------------
we ClassEx116
<end of output>
Test time =   0.00 sec
----------------------------------------------------------
Test Passed.
"mytest21" end time: Apr 02 19:44 EDT
"mytest21" time elapsed: 00:00:00
----------------------------------------------------------

22/1000 Testing: mytest22
22/1000 Test: mytest22
Command: "/home/ohr4/programs/cpp/lib_creation/build/tests/testex22"
Directory: .
"mytest22" start time: Apr 02 19:44 EDT
Output:
----------------------------------------------------------
we ClassEx117
<end of output>
Test time =   0.00 sec
----------------------------------------------------------
Test Passed.
"mytest22" end time: Apr 02 19:44 EDT
"mytest22" time elapsed: 00:00:00
----------------------------------------------------------

23/1000 Testing: mytest23
23/1000 Test: mytest23
Command: "/home/ohr4/programs/cpp/lib_creation/build/tests/testex23"
Directory: .
"mytest23" start time: Apr 02 19:44 EDT
Output:
----------------------------------------------------------
we ClassEx118
<end of output>
Test time =   0.00 sec
----------------------------------------------------------
Test Passed.
"mytest23" end time: Apr 02 19:44 EDT
"mytest23" time elapsed: 00:00:00
----------------------------------------------------------

24/1000 Testing: mytest24
24/1000 Test: mytest24
Command: "/home/ohr4/programs/cpp/lib_creation/build/tests/testex24"
Directory: .
"mytest24" start time: Apr 02 19:44 EDT
Output:
----------------------------------------------------------
we ClassEx119
<end of output>
Test time =   0.00 sec
----------------------------------------------------------
Test Passed.
"mytest24" end time: Apr 02 19:44 EDT
"mytest24" time elapsed: 00:00:00
----------------------------------------------------------

25/1000 Testing: mytest25
25/1000 Test: mytest25
Command: "/home/ohr4/programs/cpp/lib_creation/build/tests/testex25"
Directory: .
"mytest25" start time: Apr 02 19:44 EDT
Output:
----------------------------------------------------------
we ClassEx12
<end of output>
Test time =   0.00 sec
----------------------------------------------------------
Test Passed.
"mytest25" end time: Apr 02 19:44 EDT
"mytest25" time elapsed: 00:00:00
----------------------------------------------------------

26/1000 Testing: mytest26
26/1000 Test: mytest26
Command: "/home/ohr4/programs/cpp/lib_creation/build/tests/testex26"
Directory: .
"mytest26" start time: Apr 02 19:44 EDT
Output:
----------------------------------------------------------
we ClassEx120
<end of output>
Test time =   0.00 sec
----------------------------------------------------------
Test Passed.
"mytest26" end time: Apr 02 19:44 EDT
"mytest26" time elapsed: 00:00:00
----------------------------------------------------------

27/1000 Testing: mytest27
27/1000 Test: mytest27
Command: "/home/ohr4/programs/cpp/lib_creation/build/tests/testex27"
Directory: .
"mytest27" start time: Apr 02 19:44 EDT
Output:
----------------------------------------------------------
we ClassEx121
<end of output>
Test time =   0.00 sec
----------------------------------------------------------
Test Passed.
"mytest27" end time: Apr 02 19:44 EDT
"mytest27" time elapsed: 00:00:00
----------------------------------------------------------

28/1000 Testing: mytest28
28/1000 Test: mytest28
Command: "/home/ohr4/programs/cpp/lib_creation/build/tests/testex28"
Directory: .
"mytest28" start time: Apr 02 19:44 EDT
Output:
----------------------------------------------------------
we ClassEx122
<end of output>
Test time =   0.00 sec
----------------------------------------------------------
Test Passed.
"mytest28" end time: Apr 02 19:44 EDT
"mytest28" time elapsed: 00:00:00
----------------------------------------------------------

29/1000 Testing: mytest29
29/1000 Test: mytest29
Command: "/home/ohr4/programs/cpp/lib_creation/build/tests/testex29"
Directory: .
"mytest29" start time: Apr 02 19:44 EDT
Output:
----------------------------------------------------------
we ClassEx123
<end of output>
Test time =   0.00 sec
----------------------------------------------------------
Test Passed.
"mytest29" end time: Apr 02 19:44 EDT
"mytest29" time elapsed: 00:00:00
----------------------------------------------------------

30/1000 Testing: mytest30
30/1000 Test: mytest30
Command: "/home/ohr4/programs/cpp/lib_creation/build/tests/testex30"
Directory: .
"mytest30" start time: Apr 02 19:44 EDT
Output:
----------------------------------------------------------
we ClassEx124
<end of output>
Test time =   0.00 sec
----------------------------------------------------------
Test Passed.
"mytest30" end time: Apr 02 19:44 EDT
"mytest30" time elapsed: 00:00:00
----------------------------------------------------------

31/1000 Testing: mytest31
31/1000 Test: mytest31
Command: "/home/ohr4/programs/cpp/lib_creation/build/tests/testex31"
Directory: .
"mytest31" start time: Apr 02 19:44 EDT
Output:
----------------------------------------------------------
we ClassEx125
<end of output>
Test time =   0.00 sec
----------------------------------------------------------
Test Passed.
"mytest31" end time: Apr 02 19:44 EDT
"mytest31" time elapsed: 00:00:00
----------------------------------------------------------

32/1000 Testing: mytest32
32/1000 Test: mytest32
Command: "/home/ohr4/programs/cpp/lib_creation/build/tests/testex32"
Directory: .
"mytest32" start time: Apr 02 19:44 EDT
Output:
----------------------------------------------------------
we ClassEx126
<end of output>
Test time =   0.00 sec
----------------------------------------------------------
Test Passed.
"mytest32" end time: Apr 02 19:44 EDT
"mytest32" time elapsed: 00:00:00
----------------------------------------------------------

33/1000 Testing: mytest33
33/1000 Test: mytest33
Command: "/home/ohr4/programs/cpp/lib_creation/build/tests/testex33"
Directory: .
"mytest33" start time: Apr 02 19:44 EDT
Output:
----------------------------------------------------------
we ClassEx127
<end of output>
Test time =   0.00 sec
----------------------------------------------------------
Test Passed.
"mytest33" end time: Apr 02 19:44 EDT
"mytest33" time elapsed: 00:00:00
----------------------------------------------------------

34/1000 Testing: mytest34
34/1000 Test: mytest34
Command: "/home/ohr4/programs/cpp/lib_creation/build/tests/testex34"
Directory: .
"mytest34" start time: Apr 02 19:44 EDT
Output:
----------------------------------------------------------
we ClassEx128
<end of output>
Test time =   0.00 sec
----------------------------------------------------------
Test Passed.
"mytest34" end time: Apr 02 19:44 EDT
"mytest34" time elapsed: 00:00:00
----------------------------------------------------------

35/1000 Testing: mytest35
35/1000 Test: mytest35
Command: "/home/ohr4/programs/cpp/lib_creation/build/tests/testex35"
Directory: .
"mytest35" start time: Apr 02 19:44 EDT
Output:
----------------------------------------------------------
we ClassEx129
<end of output>
Test time =   0.00 sec
----------------------------------------------------------
Test Passed.
"mytest35" end time: Apr 02 19:44 EDT
"mytest35" time elapsed: 00:00:00
----------------------------------------------------------

36/1000 Testing: mytest36
36/1000 Test: mytest36
Command: "/home/ohr4/programs/cpp/lib_creation/build/tests/testex36"
Directory: .
"mytest36" start time: Apr 02 19:44 EDT
Output:
----------------------------------------------------------
we ClassEx13
<end of output>
Test time =   0.00 sec
----------------------------------------------------------
Test Passed.
"mytest36" end time: Apr 02 19:44 EDT
"mytest36" time elapsed: 00:00:00
----------------------------------------------------------

37/1000 Testing: mytest37
37/1000 Test: mytest37
Command: "/home/ohr4/programs/cpp/lib_creation/build/tests/testex37"
Directory: .
"mytest37" start time: Apr 02 19:44 EDT
Output:
----------------------------------------------------------
we ClassEx130
<end of output>
Test time =   0.00 sec
----------------------------------------------------------
Test Passed.
"mytest37" end time: Apr 02 19:44 EDT
"mytest37" time elapsed: 00:00:00
----------------------------------------------------------

38/1000 Testing: mytest38
38/1000 Test: mytest38
Command: "/home/ohr4/programs/cpp/lib_creation/build/tests/testex38"
Directory: .
"mytest38" start time: Apr 02 19:44 EDT
Output:
----------------------------------------------------------
we ClassEx131
<end of output>
Test time =   0.00 sec
----------------------------------------------------------
Test Passed.
"mytest38" end time: Apr 02 19:44 EDT
"mytest38" time elapsed: 00:00:00
----------------------------------------------------------

39/1000 Testing: mytest39
39/1000 Test: mytest39
Command: "/home/ohr4/programs/cpp/lib_creation/build/tests/testex39"
Directory: .
"mytest39" start time: Apr 02 19:44 EDT
Output:
----------------------------------------------------------
we ClassEx132
<end of output>
Test time =   0.00 sec
----------------------------------------------------------
Test Passed.
"mytest39" end time: Apr 02 19:44 EDT
"mytest39" time elapsed: 00:00:00
----------------------------------------------------------

40/1000 Testing: mytest40
40/1000 Test: mytest40
Command: "/home/ohr4/programs/cpp/lib_creation/build/tests/testex40"
Directory: .
"mytest40" start time: Apr 02 19:44 EDT
Output:
----------------------------------------------------------
we ClassEx133
<end of output>
Test time =   0.00 sec
----------------------------------------------------------
Test Passed.
"mytest40" end time: Apr 02 19:44 EDT
"mytest40" time elapsed: 00:00:00
----------------------------------------------------------

41/1000 Testing: mytest41
41/1000 Test: mytest41
Command: "/home/ohr4/programs/cpp/lib_creation/build/tests/testex41"
Directory: .
"mytest41" start time: Apr 02 19:44 EDT
Output:
----------------------------------------------------------
we ClassEx134
<end of output>
Test time =   0.00 sec
----------------------------------------------------------
Test Passed.
"mytest41" end time: Apr 02 19:44 EDT
"mytest41" time elapsed: 00:00:00
----------------------------------------------------------

42/1000 Testing: mytest42
42/1000 Test: mytest42
Command: "/home/ohr4/programs/cpp/lib_creation/build/tests/testex42"
Directory: .
"mytest42" start time: Apr 02 19:44 EDT
Output:
----------------------------------------------------------
we ClassEx135
<end of output>
Test time =   0.00 sec
----------------------------------------------------------
Test Passed.
"mytest42" end time: Apr 02 19:44 EDT
"mytest42" time elapsed: 00:00:00
----------------------------------------------------------

43/1000 Testing: mytest43
43/1000 Test: mytest43
Command: "/home/ohr4/programs/cpp/lib_creation/build/tests/testex43"
Directory: .
"mytest43" start time: Apr 02 19:44 EDT
Output:
----------------------------------------------------------
we ClassEx136
<end of output>
Test time =   0.00 sec
----------------------------------------------------------
Test Passed.
"mytest43" end time: Apr 02 19:44 EDT
"mytest43" time elapsed: 00:00:00
----------------------------------------------------------

44/1000 Testing: mytest44
44/1000 Test: mytest44
Command: "/home/ohr4/programs/cpp/lib_creation/build/tests/testex44"
Directory: .
"mytest44" start time: Apr 02 19:44 EDT
Output:
----------------------------------------------------------
we ClassEx137
<end of output>
Test time =   0.00 sec
----------------------------------------------------------
Test Passed.
"mytest44" end time: Apr 02 19:44 EDT
"mytest44" time elapsed: 00:00:00
----------------------------------------------------------

45/1000 Testing: mytest45
45/1000 Test: mytest45
Command: "/home/ohr4/programs/cpp/lib_creation/build/tests/testex45"
Directory: .
"mytest45" start time: Apr 02 19:44 EDT
Output:
----------------------------------------------------------
we ClassEx138
<end of output>
Test time =   0.00 sec
----------------------------------------------------------
Test Passed.
"mytest45" end time: Apr 02 19:44 EDT
"mytest45" time elapsed: 00:00:00
----------------------------------------------------------

46/1000 Testing: mytest46
46/1000 Test: mytest46
Command: "/home/ohr4/programs/cpp/lib_creation/build/tests/testex46"
Directory: .
"mytest46" start time: Apr 02 19:44 EDT
Output:
----------------------------------------------------------
we ClassEx139
<end of output>
Test time =   0.00 sec
----------------------------------------------------------
Test Passed.
"mytest46" end time: Apr 02 19:44 EDT
"mytest46" time elapsed: 00:00:00
----------------------------------------------------------

47/1000 Testing: mytest47
47/1000 Test: mytest47
Command: "/home/ohr4/programs/cpp/lib_creation/build/tests/testex47"
Directory: .
"mytest47" start time: Apr 02 19:44 EDT
Output:
----------------------------------------------------------
we ClassEx14
<end of output>
Test time =   0.00 sec
----------------------------------------------------------
Test Passed.
"mytest47" end time: Apr 02 19:44 EDT
"mytest47" time elapsed: 00:00:00
----------------------------------------------------------

48/1000 Testing: mytest48
48/1000 Test: mytest48
Command: "/home/ohr4/programs/cpp/lib_creation/build/tests/testex48"
Directory: .
"mytest48" start time: Apr 02 19:44 EDT
Output:
----------------------------------------------------------
we ClassEx140
<end of output>
Test time =   0.00 sec
----------------------------------------------------------
Test Passed.
"mytest48" end time: Apr 02 19:44 EDT
"mytest48" time elapsed: 00:00:00
----------------------------------------------------------

49/1000 Testing: mytest49
49/1000 Test: mytest49
Command: "/home/ohr4/programs/cpp/lib_creation/build/tests/testex49"
Directory: .
"mytest49" start time: Apr 02 19:44 EDT
Output:
----------------------------------------------------------
we ClassEx141
<end of output>
Test time =   0.00 sec
----------------------------------------------------------
Test Passed.
"mytest49" end time: Apr 02 19:44 EDT
"mytest49" time elapsed: 00:00:00
----------------------------------------------------------

50/1000 Testing: mytest50
50/1000 Test: mytest50
Command: "/home/ohr4/programs/cpp/lib_creation/build/tests/testex50"
Directory: .
"mytest50" start time: Apr 02 19:44 EDT
Output:
----------------------------------------------------------
we ClassEx142
<end of output>
Test time =   0.00 sec
----------------------------------------------------------
Test Passed.
"mytest50" end time: Apr 02 19:44 EDT
"mytest50" time elapsed: 00:00:00
----------------------------------------------------------

51/1000 Testing: mytest51
51/1000 Test: mytest51
Command: "/home/ohr4/programs/cpp/lib_creation/build/tests/testex51"
Directory: .
"mytest51" start time: Apr 02 19:44 EDT
Output:
----------------------------------------------------------
we ClassEx143
<end of output>
Test time =   0.00 sec
----------------------------------------------------------
Test Passed.
"mytest51" end time: Apr 02 19:44 EDT
"mytest51" time elapsed: 00:00:00
----------------------------------------------------------

52/1000 Testing: mytest52
52/1000 Test: mytest52
Command: "/home/ohr4/programs/cpp/lib_creation/build/tests/testex52"
Directory: .
"mytest52" start time: Apr 02 19:44 EDT
Output:
----------------------------------------------------------
we ClassEx144
<end of output>
Test time =   0.00 sec
----------------------------------------------------------
Test Passed.
"mytest52" end time: Apr 02 19:44 EDT
"mytest52" time elapsed: 00:00:00
----------------------------------------------------------

53/1000 Testing: mytest53
53/1000 Test: mytest53
Command: "/home/ohr4/programs/cpp/lib_creation/build/tests/testex53"
Directory: .
"mytest53" start time: Apr 02 19:44 EDT
Output:
----------------------------------------------------------
we ClassEx145
<end of output>
Test time =   0.00 sec
----------------------------------------------------------
Test Passed.
"mytest53" end time: Apr 02 19:44 EDT
"mytest53" time elapsed: 00:00:00
----------------------------------------------------------

54/1000 Testing: mytest54
54/1000 Test: mytest54
Command: "/home/ohr4/programs/cpp/lib_creation/build/tests/testex54"
Directory: .
"mytest54" start time: Apr 02 19:44 EDT
Output:
----------------------------------------------------------
we ClassEx146
<end of output>
Test time =   0.00 sec
----------------------------------------------------------
Test Passed.
"mytest54" end time: Apr 02 19:44 EDT
"mytest54" time elapsed: 00:00:00
----------------------------------------------------------

55/1000 Testing: mytest55
55/1000 Test: mytest55
Command: "/home/ohr4/programs/cpp/lib_creation/build/tests/testex55"
Directory: .
"mytest55" start time: Apr 02 19:44 EDT
Output:
----------------------------------------------------------
we ClassEx147
<end of output>
Test time =   0.00 sec
----------------------------------------------------------
Test Passed.
"mytest55" end time: Apr 02 19:44 EDT
"mytest55" time elapsed: 00:00:00
----------------------------------------------------------

56/1000 Testing: mytest56
56/1000 Test: mytest56
Command: "/home/ohr4/programs/cpp/lib_creation/build/tests/testex56"
Directory: .
"mytest56" start time: Apr 02 19:44 EDT
Output:
----------------------------------------------------------
we ClassEx148
<end of output>
Test time =   0.00 sec
----------------------------------------------------------
Test Passed.
"mytest56" end time: Apr 02 19:44 EDT
"mytest56" time elapsed: 00:00:00
----------------------------------------------------------

57/1000 Testing: mytest57
57/1000 Test: mytest57
Command: "/home/ohr4/programs/cpp/lib_creation/build/tests/testex57"
Directory: .
"mytest57" start time: Apr 02 19:44 EDT
Output:
----------------------------------------------------------
we ClassEx149
<end of output>
Test time =   0.00 sec
----------------------------------------------------------
Test Passed.
"mytest57" end time: Apr 02 19:44 EDT
"mytest57" time elapsed: 00:00:00
----------------------------------------------------------

58/1000 Testing: mytest58
58/1000 Test: mytest58
Command: "/home/ohr4/programs/cpp/lib_creation/build/tests/testex58"
Directory: .
"mytest58" start time: Apr 02 19:44 EDT
Output:
----------------------------------------------------------
we ClassEx15
<end of output>
Test time =   0.00 sec
----------------------------------------------------------
Test Passed.
"mytest58" end time: Apr 02 19:44 EDT
"mytest58" time elapsed: 00:00:00
----------------------------------------------------------

59/1000 Testing: mytest59
59/1000 Test: mytest59
Command: "/home/ohr4/programs/cpp/lib_creation/build/tests/testex59"
Directory: .
"mytest59" start time: Apr 02 19:44 EDT
Output:
----------------------------------------------------------
we ClassEx150
<end of output>
Test time =   0.00 sec
----------------------------------------------------------
Test Passed.
"mytest59" end time: Apr 02 19:44 EDT
"mytest59" time elapsed: 00:00:00
----------------------------------------------------------

60/1000 Testing: mytest60
60/1000 Test: mytest60
Command: "/home/ohr4/programs/cpp/lib_creation/build/tests/testex60"
Directory: .
"mytest60" start time: Apr 02 19:44 EDT
Output:
----------------------------------------------------------
we ClassEx151
<end of output>
Test time =   0.00 sec
----------------------------------------------------------
Test Passed.
"mytest60" end time: Apr 02 19:44 EDT
"mytest60" time elapsed: 00:00:00
----------------------------------------------------------

61/1000 Testing: mytest61
61/1000 Test: mytest61
Command: "/home/ohr4/programs/cpp/lib_creation/build/tests/testex61"
Directory: .
"mytest61" start time: Apr 02 19:44 EDT
Output:
----------------------------------------------------------
we ClassEx152
<end of output>
Test time =   0.00 sec
----------------------------------------------------------
Test Passed.
"mytest61" end time: Apr 02 19:44 EDT
"mytest61" time elapsed: 00:00:00
----------------------------------------------------------

62/1000 Testing: mytest62
62/1000 Test: mytest62
Command: "/home/ohr4/programs/cpp/lib_creation/build/tests/testex62"
Directory: .
"mytest62" start time: Apr 02 19:44 EDT
Output:
----------------------------------------------------------
we ClassEx153
<end of output>
Test time =   0.00 sec
----------------------------------------------------------
Test Passed.
"mytest62" end time: Apr 02 19:44 EDT
"mytest62" time elapsed: 00:00:00
----------------------------------------------------------

63/1000 Testing: mytest63
63/1000 Test: mytest63
Command: "/home/ohr4/programs/cpp/lib_creation/build/tests/testex63"
Directory: .
"mytest63" start time: Apr 02 19:44 EDT
Output:
----------------------------------------------------------
we ClassEx154
<end of output>
Test time =   0.00 sec
----------------------------------------------------------
Test Passed.
"mytest63" end time: Apr 02 19:44 EDT
"mytest63" time elapsed: 00:00:00
----------------------------------------------------------

64/1000 Testing: mytest64
64/1000 Test: mytest64
Command: "/home/ohr4/programs/cpp/lib_creation/build/tests/testex64"
Directory: .
"mytest64" start time: Apr 02 19:44 EDT
Output:
----------------------------------------------------------
we ClassEx155
<end of output>
Test time =   0.00 sec
----------------------------------------------------------
Test Passed.
"mytest64" end time: Apr 02 19:44 EDT
"mytest64" time elapsed: 00:00:00
----------------------------------------------------------

65/1000 Testing: mytest65
65/1000 Test: mytest65
Command: "/home/ohr4/programs/cpp/lib_creation/build/tests/testex65"
Directory: .
"mytest65" start time: Apr 02 19:44 EDT
Output:
----------------------------------------------------------
we ClassEx156
<end of output>
Test time =   0.00 sec
----------------------------------------------------------
Test Passed.
"mytest65" end time: Apr 02 19:44 EDT
"mytest65" time elapsed: 00:00:00
----------------------------------------------------------

66/1000 Testing: mytest66
66/1000 Test: mytest66
Command: "/home/ohr4/programs/cpp/lib_creation/build/tests/testex66"
Directory: .
"mytest66" start time: Apr 02 19:44 EDT
Output:
----------------------------------------------------------
we ClassEx157
<end of output>
Test time =   0.00 sec
----------------------------------------------------------
Test Passed.
"mytest66" end time: Apr 02 19:44 EDT
"mytest66" time elapsed: 00:00:00
----------------------------------------------------------

67/1000 Testing: mytest67
67/1000 Test: mytest67
Command: "/home/ohr4/programs/cpp/lib_creation/build/tests/testex67"
Directory: .
"mytest67" start time: Apr 02 19:44 EDT
Output:
----------------------------------------------------------
we ClassEx158
<end of output>
Test time =   0.00 sec
----------------------------------------------------------
Test Passed.
"mytest67" end time: Apr 02 19:44 EDT
"mytest67" time elapsed: 00:00:00
----------------------------------------------------------

68/1000 Testing: mytest68
68/1000 Test: mytest68
Command: "/home/ohr4/programs/cpp/lib_creation/build/tests/testex68"
Directory: .
"mytest68" start time: Apr 02 19:44 EDT
Output:
----------------------------------------------------------
we ClassEx159
<end of output>
Test time =   0.00 sec
----------------------------------------------------------
Test Passed.
"mytest68" end time: Apr 02 19:44 EDT
"mytest68" time elapsed: 00:00:00
----------------------------------------------------------

69/1000 Testing: mytest69
69/1000 Test: mytest69
Command: "/home/ohr4/programs/cpp/lib_creation/build/tests/testex69"
Directory: .
"mytest69" start time: Apr 02 19:44 EDT
Output:
----------------------------------------------------------
we ClassEx16
<end of output>
Test time =   0.00 sec
----------------------------------------------------------
Test Passed.
"mytest69" end time: Apr 02 19:44 EDT
"mytest69" time elapsed: 00:00:00
----------------------------------------------------------

70/1000 Testing: mytest70
70/1000 Test: mytest70
Command: "/home/ohr4/programs/cpp/lib_creation/build/tests/testex70"
Directory: .
"mytest70" start time: Apr 02 19:44 EDT
Output:
----------------------------------------------------------
we ClassEx160
<end of output>
Test time =   0.00 sec
----------------------------------------------------------
Test Passed.
"mytest70" end time: Apr 02 19:44 EDT
"mytest70" time elapsed: 00:00:00
----------------------------------------------------------

71/1000 Testing: mytest71
71/1000 Test: mytest71
Command: "/home/ohr4/programs/cpp/lib_creation/build/tests/testex71"
Directory: .
"mytest71" start time: Apr 02 19:44 EDT
Output:
----------------------------------------------------------
we ClassEx161
<end of output>
Test time =   0.00 sec
----------------------------------------------------------
Test Passed.
"mytest71" end time: Apr 02 19:44 EDT
"mytest71" time elapsed: 00:00:00
----------------------------------------------------------

72/1000 Testing: mytest72
72/1000 Test: mytest72
Command: "/home/ohr4/programs/cpp/lib_creation/build/tests/testex72"
Directory: .
"mytest72" start time: Apr 02 19:44 EDT
Output:
----------------------------------------------------------
we ClassEx162
<end of output>
Test time =   0.00 sec
----------------------------------------------------------
Test Passed.
"mytest72" end time: Apr 02 19:44 EDT
"mytest72" time elapsed: 00:00:00
----------------------------------------------------------

73/1000 Testing: mytest73
73/1000 Test: mytest73
Command: "/home/ohr4/programs/cpp/lib_creation/build/tests/testex73"
Directory: .
"mytest73" start time: Apr 02 19:44 EDT
Output:
----------------------------------------------------------
we ClassEx163
<end of output>
Test time =   0.00 sec
----------------------------------------------------------
Test Passed.
"mytest73" end time: Apr 02 19:44 EDT
"mytest73" time elapsed: 00:00:00
----------------------------------------------------------

74/1000 Testing: mytest74
74/1000 Test: mytest74
Command: "/home/ohr4/programs/cpp/lib_creation/build/tests/testex74"
Directory: .
"mytest74" start time: Apr 02 19:44 EDT
Output:
----------------------------------------------------------
we ClassEx164
<end of output>
Test time =   0.00 sec
----------------------------------------------------------
Test Passed.
"mytest74" end time: Apr 02 19:44 EDT
"mytest74" time elapsed: 00:00:00
----------------------------------------------------------

75/1000 Testing: mytest75
75/1000 Test: mytest75
Command: "/home/ohr4/programs/cpp/lib_creation/build/tests/testex75"
Directory: .
"mytest75" start time: Apr 02 19:44 EDT
Output:
----------------------------------------------------------
we ClassEx165
<end of output>
Test time =   0.00 sec
----------------------------------------------------------
Test Passed.
"mytest75" end time: Apr 02 19:44 EDT
"mytest75" time elapsed: 00:00:00
----------------------------------------------------------

76/1000 Testing: mytest76
76/1000 Test: mytest76
Command: "/home/ohr4/programs/cpp/lib_creation/build/tests/testex76"
Directory: .
"mytest76" start time: Apr 02 19:44 EDT
Output:
----------------------------------------------------------
we ClassEx166
<end of output>
Test time =   0.00 sec
----------------------------------------------------------
Test Passed.
"mytest76" end time: Apr 02 19:44 EDT
"mytest76" time elapsed: 00:00:00
----------------------------------------------------------

77/1000 Testing: mytest77
77/1000 Test: mytest77
Command: "/home/ohr4/programs/cpp/lib_creation/build/tests/testex77"
Directory: .
"mytest77" start time: Apr 02 19:44 EDT
Output:
----------------------------------------------------------
we ClassEx167
<end of output>
Test time =   0.00 sec
----------------------------------------------------------
Test Passed.
"mytest77" end time: Apr 02 19:44 EDT
"mytest77" time elapsed: 00:00:00
----------------------------------------------------------

78/1000 Testing: mytest78
78/1000 Test: mytest78
Command: "/home/ohr4/programs/cpp/lib_creation/build/tests/testex78"
Directory: .
"mytest78" start time: Apr 02 19:44 EDT
Output:
----------------------------------------------------------
we ClassEx168
<end of output>
Test time =   0.00 sec
----------------------------------------------------------
Test Passed.
"mytest78" end time: Apr 02 19:44 EDT
"mytest78" time elapsed: 00:00:00
----------------------------------------------------------

79/1000 Testing: mytest79
79/1000 Test: mytest79
Command: "/home/ohr4/programs/cpp/lib_creation/build/tests/testex79"
Directory: .
"mytest79" start time: Apr 02 19:44 EDT
Output:
----------------------------------------------------------
we ClassEx169
<end of output>
Test time =   0.00 sec
----------------------------------------------------------
Test Passed.
"mytest79" end time: Apr 02 19:44 EDT
"mytest79" time elapsed: 00:00:00
----------------------------------------------------------

80/1000 Testing: mytest80
80/1000 Test: mytest80
Command: "/home/ohr4/programs/cpp/lib_creation/build/tests/testex80"
Directory: .
"mytest80" start time: Apr 02 19:44 EDT
Output:
----------------------------------------------------------
we ClassEx17
<end of output>
Test time =   0.00 sec
----------------------------------------------------------
Test Passed.
"mytest80" end time: Apr 02 19:44 EDT
"mytest80" time elapsed: 00:00:00
----------------------------------------------------------

81/1000 Testing: mytest81
81/1000 Test: mytest81
Command: "/home/ohr4/programs/cpp/lib_creation/build/tests/testex81"
Directory: .
"mytest81" start time: Apr 02 19:44 EDT
Output:
----------------------------------------------------------
we ClassEx170
<end of output>
Test time =   0.00 sec
----------------------------------------------------------
Test Passed.
"mytest81" end time: Apr 02 19:44 EDT
"mytest81" time elapsed: 00:00:00
----------------------------------------------------------

82/1000 Testing: mytest82
82/1000 Test: mytest82
Command: "/home/ohr4/programs/cpp/lib_creation/build/tests/testex82"
Directory: .
"mytest82" start time: Apr 02 19:44 EDT
Output:
----------------------------------------------------------
we ClassEx171
<end of output>
Test time =   0.00 sec
----------------------------------------------------------
Test Passed.
"mytest82" end time: Apr 02 19:44 EDT
"mytest82" time elapsed: 00:00:00
----------------------------------------------------------

83/1000 Testing: mytest83
83/1000 Test: mytest83
Command: "/home/ohr4/programs/cpp/lib_creation/build/tests/testex83"
Directory: .
"mytest83" start time: Apr 02 19:44 EDT
Output:
----------------------------------------------------------
we ClassEx172
<end of output>
Test time =   0.00 sec
----------------------------------------------------------
Test Passed.
"mytest83" end time: Apr 02 19:44 EDT
"mytest83" time elapsed: 00:00:00
----------------------------------------------------------

84/1000 Testing: mytest84
84/1000 Test: mytest84
Command: "/home/ohr4/programs/cpp/lib_creation/build/tests/testex84"
Directory: .
"mytest84" start time: Apr 02 19:44 EDT
Output:
----------------------------------------------------------
we ClassEx173
<end of output>
Test time =   0.00 sec
----------------------------------------------------------
Test Passed.
"mytest84" end time: Apr 02 19:44 EDT
"mytest84" time elapsed: 00:00:00
----------------------------------------------------------

85/1000 Testing: mytest85
85/1000 Test: mytest85
Command: "/home/ohr4/programs/cpp/lib_creation/build/tests/testex85"
Directory: .
"mytest85" start time: Apr 02 19:44 EDT
Output:
----------------------------------------------------------
we ClassEx174
<end of output>
Test time =   0.00 sec
----------------------------------------------------------
Test Passed.
"mytest85" end time: Apr 02 19:44 EDT
"mytest85" time elapsed: 00:00:00
----------------------------------------------------------

86/1000 Testing: mytest86
86/1000 Test: mytest86
Command: "/home/ohr4/programs/cpp/lib_creation/build/tests/testex86"
Directory: .
"mytest86" start time: Apr 02 19:44 EDT
Output:
----------------------------------------------------------
we ClassEx175
<end of output>
Test time =   0.00 sec
----------------------------------------------------------
Test Passed.
"mytest86" end time: Apr 02 19:44 EDT
"mytest86" time elapsed: 00:00:00
----------------------------------------------------------

87/1000 Testing: mytest87
87/1000 Test: mytest87
Command: "/home/ohr4/programs/cpp/lib_creation/build/tests/testex87"
Directory: .
"mytest87" start time: Apr 02 19:44 EDT
Output:
----------------------------------------------------------
we ClassEx176
<end of output>
Test time =   0.00 sec
----------------------------------------------------------
Test Passed.
"mytest87" end time: Apr 02 19:44 EDT
"mytest87" time elapsed: 00:00:00
----------------------------------------------------------

88/1000 Testing: mytest88
88/1000 Test: mytest88
Command: "/home/ohr4/programs/cpp/lib_creation/build/tests/testex88"
Directory: .
"mytest88" start time: Apr 02 19:44 EDT
Output:
----------------------------------------------------------
we ClassEx177
<end of output>
Test time =   0.00 sec
----------------------------------------------------------
Test Passed.
"mytest88" end time: Apr 02 19:44 EDT
"mytest88" time elapsed: 00:00:00
----------------------------------------------------------

89/1000 Testing: mytest89
89/1000 Test: mytest89
Command: "/home/ohr4/programs/cpp/lib_creation/build/tests/testex89"
Directory: .
"mytest89" start time: Apr 02 19:44 EDT
Output:
----------------------------------------------------------
we ClassEx178
<end of output>
Test time =   0.00 sec
----------------------------------------------------------
Test Passed.
"mytest89" end time: Apr 02 19:44 EDT
"mytest89" time elapsed: 00:00:00
----------------------------------------------------------

90/1000 Testing: mytest90
90/1000 Test: mytest90
Command: "/home/ohr4/programs/cpp/lib_creation/build/tests/testex90"
Directory: .
"mytest90" start time: Apr 02 19:44 EDT
Output:
----------------------------------------------------------
we ClassEx179
<end of output>
Test time =   0.00 sec
----------------------------------------------------------
Test Passed.
"mytest90" end time: Apr 02 19:44 EDT
"mytest90" time elapsed: 00:00:00
----------------------------------------------------------

91/1000 Testing: mytest91
91/1000 Test: mytest91
Command: "/home/ohr4/programs/cpp/lib_creation/build/tests/testex91"
Directory: .
"mytest91" start time: Apr 02 19:44 EDT
Output:
----------------------------------------------------------
we ClassEx18
<end of output>
Test time =   0.00 sec
----------------------------------------------------------
Test Passed.
"mytest91" end time: Apr 02 19:44 EDT
"mytest91" time elapsed: 00:00:00
----------------------------------------------------------

92/1000 Testing: mytest92
92/1000 Test: mytest92
Command: "/home/ohr4/programs/cpp/lib_creation/build/tests/testex92"
Directory: .
"mytest92" start time: Apr 02 19:44 EDT
Output:
----------------------------------------------------------
we ClassEx180
<end of output>
Test time =   0.00 sec
----------------------------------------------------------
Test Passed.
"mytest92" end time: Apr 02 19:44 EDT
"mytest92" time elapsed: 00:00:00
----------------------------------------------------------

93/1000 Testing: mytest93
93/1000 Test: mytest93
Command: "/home/ohr4/programs/cpp/lib_creation/build/tests/testex93"
Directory: .
"mytest93" start time: Apr 02 19:44 EDT
Output:
----------------------------------------------------------
we ClassEx181
<end of output>
Test time =   0.00 sec
----------------------------------------------------------
Test Passed.
"mytest93" end time: Apr 02 19:44 EDT
"mytest93" time elapsed: 00:00:00
----------------------------------------------------------

94/1000 Testing: mytest94
94/1000 Test: mytest94
Command: "/home/ohr4/programs/cpp/lib_creation/build/tests/testex94"
Directory: .
"mytest94" start time: Apr 02 19:44 EDT
Output:
----------------------------------------------------------
we ClassEx182
<end of output>
Test time =   0.00 sec
----------------------------------------------------------
Test Passed.
"mytest94" end time: Apr 02 19:44 EDT
"mytest94" time elapsed: 00:00:00
----------------------------------------------------------

95/1000 Testing: mytest95
95/1000 Test: mytest95
Command: "/home/ohr4/programs/cpp/lib_creation/build/tests/testex95"
Directory: .
"mytest95" start time: Apr 02 19:44 EDT
Output:
----------------------------------------------------------
we ClassEx183
<end of output>
Test time =   0.00 sec
----------------------------------------------------------
Test Passed.
"mytest95" end time: Apr 02 19:44 EDT
"mytest95" time elapsed: 00:00:00
----------------------------------------------------------

96/1000 Testing: mytest96
96/1000 Test: mytest96
Command: "/home/ohr4/programs/cpp/lib_creation/build/tests/testex96"
Directory: .
"mytest96" start time: Apr 02 19:44 EDT
Output:
----------------------------------------------------------
we ClassEx184
<end of output>
Test time =   0.00 sec
----------------------------------------------------------
Test Passed.
"mytest96" end time: Apr 02 19:44 EDT
"mytest96" time elapsed: 00:00:00
----------------------------------------------------------

97/1000 Testing: mytest97
97/1000 Test: mytest97
Command: "/home/ohr4/programs/cpp/lib_creation/build/tests/testex97"
Directory: .
"mytest97" start time: Apr 02 19:44 EDT
Output:
----------------------------------------------------------
we ClassEx185
<end of output>
Test time =   0.00 sec
----------------------------------------------------------
Test Passed.
"mytest97" end time: Apr 02 19:44 EDT
"mytest97" time elapsed: 00:00:00
----------------------------------------------------------

98/1000 Testing: mytest98
98/1000 Test: mytest98
Command: "/home/ohr4/programs/cpp/lib_creation/build/tests/testex98"
Directory: .
"mytest98" start time: Apr 02 19:44 EDT
Output:
----------------------------------------------------------
we ClassEx186
<end of output>
Test time =   0.00 sec
----------------------------------------------------------
Test Passed.
"mytest98" end time: Apr 02 19:44 EDT
"mytest98" time elapsed: 00:00:00
----------------------------------------------------------

99/1000 Testing: mytest99
99/1000 Test: mytest99
Command: "/home/ohr4/programs/cpp/lib_creation/build/tests/testex99"
Directory: .
"mytest99" start time: Apr 02 19:44 EDT
Output:
----------------------------------------------------------
we ClassEx187
<end of output>
Test time =   0.00 sec
----------------------------------------------------------
Test Passed.
"mytest99" end time: Apr 02 19:44 EDT
"mytest99" time elapsed: 00:00:00
----------------------------------------------------------

100/1000 Testing: mytest100
100/1000 Test: mytest100
Command: "/home/ohr4/programs/cpp/lib_creation/build/tests/testex100"
Directory: .
"mytest100" start time: Apr 02 19:44 EDT
Output:
----------------------------------------------------------
we ClassEx188
<end of output>
Test time =   0.00 sec
----------------------------------------------------------
Test Passed.
"mytest100" end time: Apr 02 19:44 EDT
"mytest100" time elapsed: 00:00:00
----------------------------------------------------------

101/1000 Testing: mytest101
101/1000 Test: mytest101
Command: "/home/ohr4/programs/cpp/lib_creation/build/tests/testex101"
Directory: .
"mytest101" start time: Apr 02 19:44 EDT
Output:
----------------------------------------------------------
we ClassEx189
<end of output>
Test time =   0.00 sec
----------------------------------------------------------
Test Passed.
"mytest101" end time: Apr 02 19:44 EDT
"mytest101" time elapsed: 00:00:00
----------------------------------------------------------

102/1000 Testing: mytest102
102/1000 Test: mytest102
Command: "/home/ohr4/programs/cpp/lib_creation/build/tests/testex102"
Directory: .
"mytest102" start time: Apr 02 19:44 EDT
Output:
----------------------------------------------------------
we ClassEx19
<end of output>
Test time =   0.00 sec
----------------------------------------------------------
Test Passed.
"mytest102" end time: Apr 02 19:44 EDT
"mytest102" time elapsed: 00:00:00
----------------------------------------------------------

103/1000 Testing: mytest103
103/1000 Test: mytest103
Command: "/home/ohr4/programs/cpp/lib_creation/build/tests/testex103"
Directory: .
"mytest103" start time: Apr 02 19:44 EDT
Output:
----------------------------------------------------------
we ClassEx190
<end of output>
Test time =   0.00 sec
----------------------------------------------------------
Test Passed.
"mytest103" end time: Apr 02 19:44 EDT
"mytest103" time elapsed: 00:00:00
----------------------------------------------------------

104/1000 Testing: mytest104
104/1000 Test: mytest104
Command: "/home/ohr4/programs/cpp/lib_creation/build/tests/testex104"
Directory: .
"mytest104" start time: Apr 02 19:44 EDT
Output:
----------------------------------------------------------
we ClassEx191
<end of output>
Test time =   0.00 sec
----------------------------------------------------------
Test Passed.
"mytest104" end time: Apr 02 19:44 EDT
"mytest104" time elapsed: 00:00:00
----------------------------------------------------------

105/1000 Testing: mytest105
105/1000 Test: mytest105
Command: "/home/ohr4/programs/cpp/lib_creation/build/tests/testex105"
Directory: .
"mytest105" start time: Apr 02 19:44 EDT
Output:
----------------------------------------------------------
we ClassEx192
<end of output>
Test time =   0.00 sec
----------------------------------------------------------
Test Passed.
"mytest105" end time: Apr 02 19:44 EDT
"mytest105" time elapsed: 00:00:00
----------------------------------------------------------

106/1000 Testing: mytest106
106/1000 Test: mytest106
Command: "/home/ohr4/programs/cpp/lib_creation/build/tests/testex106"
Directory: .
"mytest106" start time: Apr 02 19:44 EDT
Output:
----------------------------------------------------------
we ClassEx193
<end of output>
Test time =   0.00 sec
----------------------------------------------------------
Test Passed.
"mytest106" end time: Apr 02 19:44 EDT
"mytest106" time elapsed: 00:00:00
----------------------------------------------------------

107/1000 Testing: mytest107
107/1000 Test: mytest107
Command: "/home/ohr4/programs/cpp/lib_creation/build/tests/testex107"
Directory: .
"mytest107" start time: Apr 02 19:44 EDT
Output:
----------------------------------------------------------
we ClassEx194
<end of output>
Test time =   0.00 sec
----------------------------------------------------------
Test Passed.
"mytest107" end time: Apr 02 19:44 EDT
"mytest107" time elapsed: 00:00:00
----------------------------------------------------------

108/1000 Testing: mytest108
108/1000 Test: mytest108
Command: "/home/ohr4/programs/cpp/lib_creation/build/tests/testex108"
Directory: .
"mytest108" start time: Apr 02 19:44 EDT
Output:
----------------------------------------------------------
we ClassEx195
<end of output>
Test time =   0.00 sec
----------------------------------------------------------
Test Passed.
"mytest108" end time: Apr 02 19:44 EDT
"mytest108" time elapsed: 00:00:00
----------------------------------------------------------

109/1000 Testing: mytest109
109/1000 Test: mytest109
Command: "/home/ohr4/programs/cpp/lib_creation/build/tests/testex109"
Directory: .
"mytest109" start time: Apr 02 19:44 EDT
Output:
----------------------------------------------------------
we ClassEx196
<end of output>
Test time =   0.00 sec
----------------------------------------------------------
Test Passed.
"mytest109" end time: Apr 02 19:44 EDT
"mytest109" time elapsed: 00:00:00
----------------------------------------------------------

110/1000 Testing: mytest110
110/1000 Test: mytest110
Command: "/home/ohr4/programs/cpp/lib_creation/build/tests/testex110"
Directory: .
"mytest110" start time: Apr 02 19:44 EDT
Output:
----------------------------------------------------------
we ClassEx197
<end of output>
Test time =   0.00 sec
----------------------------------------------------------
Test Passed.
"mytest110" end time: Apr 02 19:44 EDT
"mytest110" time elapsed: 00:00:00
----------------------------------------------------------

111/1000 Testing: mytest111
111/1000 Test: mytest111
Command: "/home/ohr4/programs/cpp/lib_creation/build/tests/testex111"
Directory: .
"mytest111" start time: Apr 02 19:44 EDT
Output:
----------------------------------------------------------
we ClassEx198
<end of output>
Test time =   0.00 sec
----------------------------------------------------------
Test Passed.
"mytest111" end time: Apr 02 19:44 EDT
"mytest111" time elapsed: 00:00:00
----------------------------------------------------------

112/1000 Testing: mytest112
112/1000 Test: mytest112
Command: "/home/ohr4/programs/cpp/lib_creation/build/tests/testex112"
Directory: .
"mytest112" start time: Apr 02 19:44 EDT
Output:
----------------------------------------------------------
we ClassEx199
<end of output>
Test time =   0.00 sec
----------------------------------------------------------
Test Passed.
"mytest112" end time: Apr 02 19:44 EDT
"mytest112" time elapsed: 00:00:00
----------------------------------------------------------

113/1000 Testing: mytest113
113/1000 Test: mytest113
Command: "/home/ohr4/programs/cpp/lib_creation/build/tests/testex113"
Directory: .
"mytest113" start time: Apr 02 19:44 EDT
Output:
----------------------------------------------------------
we ClassEx2
<end of output>
Test time =   0.00 sec
----------------------------------------------------------
Test Passed.
"mytest113" end time: Apr 02 19:44 EDT
"mytest113" time elapsed: 00:00:00
----------------------------------------------------------

114/1000 Testing: mytest114
114/1000 Test: mytest114
Command: "/home/ohr4/programs/cpp/lib_creation/build/tests/testex114"
Directory: .
"mytest114" start time: Apr 02 19:44 EDT
Output:
----------------------------------------------------------
we ClassEx20
<end of output>
Test time =   0.00 sec
----------------------------------------------------------
Test Passed.
"mytest114" end time: Apr 02 19:44 EDT
"mytest114" time elapsed: 00:00:00
----------------------------------------------------------

115/1000 Testing: mytest115
115/1000 Test: mytest115
Command: "/home/ohr4/programs/cpp/lib_creation/build/tests/testex115"
Directory: .
"mytest115" start time: Apr 02 19:44 EDT
Output:
----------------------------------------------------------
we ClassEx200
<end of output>
Test time =   0.00 sec
----------------------------------------------------------
Test Passed.
"mytest115" end time: Apr 02 19:44 EDT
"mytest115" time elapsed: 00:00:00
----------------------------------------------------------

116/1000 Testing: mytest116
116/1000 Test: mytest116
Command: "/home/ohr4/programs/cpp/lib_creation/build/tests/testex116"
Directory: .
"mytest116" start time: Apr 02 19:44 EDT
Output:
----------------------------------------------------------
we ClassEx201
<end of output>
Test time =   0.00 sec
----------------------------------------------------------
Test Passed.
"mytest116" end time: Apr 02 19:44 EDT
"mytest116" time elapsed: 00:00:00
----------------------------------------------------------

117/1000 Testing: mytest117
117/1000 Test: mytest117
Command: "/home/ohr4/programs/cpp/lib_creation/build/tests/testex117"
Directory: .
"mytest117" start time: Apr 02 19:44 EDT
Output:
----------------------------------------------------------
we ClassEx202
<end of output>
Test time =   0.00 sec
----------------------------------------------------------
Test Passed.
"mytest117" end time: Apr 02 19:44 EDT
"mytest117" time elapsed: 00:00:00
----------------------------------------------------------

118/1000 Testing: mytest118
118/1000 Test: mytest118
Command: "/home/ohr4/programs/cpp/lib_creation/build/tests/testex118"
Directory: .
"mytest118" start time: Apr 02 19:44 EDT
Output:
----------------------------------------------------------
we ClassEx203
<end of output>
Test time =   0.00 sec
----------------------------------------------------------
Test Passed.
"mytest118" end time: Apr 02 19:44 EDT
"mytest118" time elapsed: 00:00:00
----------------------------------------------------------

119/1000 Testing: mytest119
119/1000 Test: mytest119
Command: "/home/ohr4/programs/cpp/lib_creation/build/tests/testex119"
Directory: .
"mytest119" start time: Apr 02 19:44 EDT
Output:
----------------------------------------------------------
we ClassEx204
<end of output>
Test time =   0.00 sec
----------------------------------------------------------
Test Passed.
"mytest119" end time: Apr 02 19:44 EDT
"mytest119" time elapsed: 00:00:00
----------------------------------------------------------

120/1000 Testing: mytest120
120/1000 Test: mytest120
Command: "/home/ohr4/programs/cpp/lib_creation/build/tests/testex120"
Directory: .
"mytest120" start time: Apr 02 19:44 EDT
Output:
----------------------------------------------------------
we ClassEx205
<end of output>
Test time =   0.00 sec
----------------------------------------------------------
Test Passed.
"mytest120" end time: Apr 02 19:44 EDT
"mytest120" time elapsed: 00:00:00
----------------------------------------------------------

121/1000 Testing: mytest121
121/1000 Test: mytest121
Command: "/home/ohr4/programs/cpp/lib_creation/build/tests/testex121"
Directory: .
"mytest121" start time: Apr 02 19:44 EDT
Output:
----------------------------------------------------------
we ClassEx206
<end of output>
Test time =   0.00 sec
----------------------------------------------------------
Test Passed.
"mytest121" end time: Apr 02 19:44 EDT
"mytest121" time elapsed: 00:00:00
----------------------------------------------------------

122/1000 Testing: mytest122
122/1000 Test: mytest122
Command: "/home/ohr4/programs/cpp/lib_creation/build/tests/testex122"
Directory: .
"mytest122" start time: Apr 02 19:44 EDT
Output:
----------------------------------------------------------
we ClassEx207
<end of output>
Test time =   0.00 sec
----------------------------------------------------------
Test Passed.
"mytest122" end time: Apr 02 19:44 EDT
"mytest122" time elapsed: 00:00:00
----------------------------------------------------------

123/1000 Testing: mytest123
123/1000 Test: mytest123
Command: "/home/ohr4/programs/cpp/lib_creation/build/tests/testex123"
Directory: .
"mytest123" start time: Apr 02 19:44 EDT
Output:
----------------------------------------------------------
we ClassEx208
<end of output>
Test time =   0.00 sec
----------------------------------------------------------
Test Passed.
"mytest123" end time: Apr 02 19:44 EDT
"mytest123" time elapsed: 00:00:00
----------------------------------------------------------

124/1000 Testing: mytest124
124/1000 Test: mytest124
Command: "/home/ohr4/programs/cpp/lib_creation/build/tests/testex124"
Directory: .
"mytest124" start time: Apr 02 19:44 EDT
Output:
----------------------------------------------------------
we ClassEx209
<end of output>
Test time =   0.00 sec
----------------------------------------------------------
Test Passed.
"mytest124" end time: Apr 02 19:44 EDT
"mytest124" time elapsed: 00:00:00
----------------------------------------------------------

125/1000 Testing: mytest125
125/1000 Test: mytest125
Command: "/home/ohr4/programs/cpp/lib_creation/build/tests/testex125"
Directory: .
"mytest125" start time: Apr 02 19:44 EDT
Output:
----------------------------------------------------------
we ClassEx21
<end of output>
Test time =   0.00 sec
----------------------------------------------------------
Test Passed.
"mytest125" end time: Apr 02 19:44 EDT
"mytest125" time elapsed: 00:00:00
----------------------------------------------------------

126/1000 Testing: mytest126
126/1000 Test: mytest126
Command: "/home/ohr4/programs/cpp/lib_creation/build/tests/testex126"
Directory: .
"mytest126" start time: Apr 02 19:44 EDT
Output:
----------------------------------------------------------
we ClassEx210
<end of output>
Test time =   0.00 sec
----------------------------------------------------------
Test Passed.
"mytest126" end time: Apr 02 19:44 EDT
"mytest126" time elapsed: 00:00:00
----------------------------------------------------------

127/1000 Testing: mytest127
127/1000 Test: mytest127
Command: "/home/ohr4/programs/cpp/lib_creation/build/tests/testex127"
Directory: .
"mytest127" start time: Apr 02 19:44 EDT
Output:
----------------------------------------------------------
we ClassEx211
<end of output>
Test time =   0.00 sec
----------------------------------------------------------
Test Passed.
"mytest127" end time: Apr 02 19:44 EDT
"mytest127" time elapsed: 00:00:00
----------------------------------------------------------

128/1000 Testing: mytest128
128/1000 Test: mytest128
Command: "/home/ohr4/programs/cpp/lib_creation/build/tests/testex128"
Directory: .
"mytest128" start time: Apr 02 19:44 EDT
Output:
----------------------------------------------------------
we ClassEx212
<end of output>
Test time =   0.00 sec
----------------------------------------------------------
Test Passed.
"mytest128" end time: Apr 02 19:44 EDT
"mytest128" time elapsed: 00:00:00
----------------------------------------------------------

129/1000 Testing: mytest129
129/1000 Test: mytest129
Command: "/home/ohr4/programs/cpp/lib_creation/build/tests/testex129"
Directory: .
"mytest129" start time: Apr 02 19:44 EDT
Output:
----------------------------------------------------------
we ClassEx213
<end of output>
Test time =   0.00 sec
----------------------------------------------------------
Test Passed.
"mytest129" end time: Apr 02 19:44 EDT
"mytest129" time elapsed: 00:00:00
----------------------------------------------------------

130/1000 Testing: mytest130
130/1000 Test: mytest130
Command: "/home/ohr4/programs/cpp/lib_creation/build/tests/testex130"
Directory: .
"mytest130" start time: Apr 02 19:44 EDT
Output:
----------------------------------------------------------
we ClassEx214
<end of output>
Test time =   0.00 sec
----------------------------------------------------------
Test Passed.
"mytest130" end time: Apr 02 19:44 EDT
"mytest130" time elapsed: 00:00:00
----------------------------------------------------------

131/1000 Testing: mytest131
131/1000 Test: mytest131
Command: "/home/ohr4/programs/cpp/lib_creation/build/tests/testex131"
Directory: .
"mytest131" start time: Apr 02 19:44 EDT
Output:
----------------------------------------------------------
we ClassEx215
<end of output>
Test time =   0.00 sec
----------------------------------------------------------
Test Passed.
"mytest131" end time: Apr 02 19:44 EDT
"mytest131" time elapsed: 00:00:00
----------------------------------------------------------

132/1000 Testing: mytest132
132/1000 Test: mytest132
Command: "/home/ohr4/programs/cpp/lib_creation/build/tests/testex132"
Directory: .
"mytest132" start time: Apr 02 19:44 EDT
Output:
----------------------------------------------------------
we ClassEx216
<end of output>
Test time =   0.00 sec
----------------------------------------------------------
Test Passed.
"mytest132" end time: Apr 02 19:44 EDT
"mytest132" time elapsed: 00:00:00
----------------------------------------------------------

133/1000 Testing: mytest133
133/1000 Test: mytest133
Command: "/home/ohr4/programs/cpp/lib_creation/build/tests/testex133"
Directory: .
"mytest133" start time: Apr 02 19:44 EDT
Output:
----------------------------------------------------------
we ClassEx217
<end of output>
Test time =   0.00 sec
----------------------------------------------------------
Test Passed.
"mytest133" end time: Apr 02 19:44 EDT
"mytest133" time elapsed: 00:00:00
----------------------------------------------------------

134/1000 Testing: mytest134
134/1000 Test: mytest134
Command: "/home/ohr4/programs/cpp/lib_creation/build/tests/testex134"
Directory: .
"mytest134" start time: Apr 02 19:44 EDT
Output:
----------------------------------------------------------
we ClassEx218
<end of output>
Test time =   0.00 sec
----------------------------------------------------------
Test Passed.
"mytest134" end time: Apr 02 19:44 EDT
"mytest134" time elapsed: 00:00:00
----------------------------------------------------------

135/1000 Testing: mytest135
135/1000 Test: mytest135
Command: "/home/ohr4/programs/cpp/lib_creation/build/tests/testex135"
Directory: .
"mytest135" start time: Apr 02 19:44 EDT
Output:
----------------------------------------------------------
we ClassEx219
<end of output>
Test time =   0.00 sec
----------------------------------------------------------
Test Passed.
"mytest135" end time: Apr 02 19:44 EDT
"mytest135" time elapsed: 00:00:00
----------------------------------------------------------

136/1000 Testing: mytest136
136/1000 Test: mytest136
Command: "/home/ohr4/programs/cpp/lib_creation/build/tests/testex136"
Directory: .
"mytest136" start time: Apr 02 19:44 EDT
Output:
----------------------------------------------------------
we ClassEx22
<end of output>
Test time =   0.00 sec
----------------------------------------------------------
Test Passed.
"mytest136" end time: Apr 02 19:44 EDT
"mytest136" time elapsed: 00:00:00
----------------------------------------------------------

137/1000 Testing: mytest137
137/1000 Test: mytest137
Command: "/home/ohr4/programs/cpp/lib_creation/build/tests/testex137"
Directory: .
"mytest137" start time: Apr 02 19:44 EDT
Output:
----------------------------------------------------------
we ClassEx220
<end of output>
Test time =   0.00 sec
----------------------------------------------------------
Test Passed.
"mytest137" end time: Apr 02 19:44 EDT
"mytest137" time elapsed: 00:00:00
----------------------------------------------------------

138/1000 Testing: mytest138
138/1000 Test: mytest138
Command: "/home/ohr4/programs/cpp/lib_creation/build/tests/testex138"
Directory: .
"mytest138" start time: Apr 02 19:44 EDT
Output:
----------------------------------------------------------
we ClassEx221
<end of output>
Test time =   0.00 sec
----------------------------------------------------------
Test Passed.
"mytest138" end time: Apr 02 19:44 EDT
"mytest138" time elapsed: 00:00:00
----------------------------------------------------------

139/1000 Testing: mytest139
139/1000 Test: mytest139
Command: "/home/ohr4/programs/cpp/lib_creation/build/tests/testex139"
Directory: .
"mytest139" start time: Apr 02 19:44 EDT
Output:
----------------------------------------------------------
we ClassEx222
<end of output>
Test time =   0.00 sec
----------------------------------------------------------
Test Passed.
"mytest139" end time: Apr 02 19:44 EDT
"mytest139" time elapsed: 00:00:00
----------------------------------------------------------

140/1000 Testing: mytest140
140/1000 Test: mytest140
Command: "/home/ohr4/programs/cpp/lib_creation/build/tests/testex140"
Directory: .
"mytest140" start time: Apr 02 19:44 EDT
Output:
----------------------------------------------------------
we ClassEx223
<end of output>
Test time =   0.00 sec
----------------------------------------------------------
Test Passed.
"mytest140" end time: Apr 02 19:44 EDT
"mytest140" time elapsed: 00:00:00
----------------------------------------------------------

141/1000 Testing: mytest141
141/1000 Test: mytest141
Command: "/home/ohr4/programs/cpp/lib_creation/build/tests/testex141"
Directory: .
"mytest141" start time: Apr 02 19:44 EDT
Output:
----------------------------------------------------------
we ClassEx224
<end of output>
Test time =   0.00 sec
----------------------------------------------------------
Test Passed.
"mytest141" end time: Apr 02 19:44 EDT
"mytest141" time elapsed: 00:00:00
----------------------------------------------------------

142/1000 Testing: mytest142
142/1000 Test: mytest142
Command: "/home/ohr4/programs/cpp/lib_creation/build/tests/testex142"
Directory: .
"mytest142" start time: Apr 02 19:44 EDT
Output:
----------------------------------------------------------
we ClassEx225
<end of output>
Test time =   0.00 sec
----------------------------------------------------------
Test Passed.
"mytest142" end time: Apr 02 19:44 EDT
"mytest142" time elapsed: 00:00:00
----------------------------------------------------------

143/1000 Testing: mytest143
143/1000 Test: mytest143
Command: "/home/ohr4/programs/cpp/lib_creation/build/tests/testex143"
Directory: .
"mytest143" start time: Apr 02 19:44 EDT
Output:
----------------------------------------------------------
we ClassEx226
<end of output>
Test time =   0.00 sec
----------------------------------------------------------
Test Passed.
"mytest143" end time: Apr 02 19:44 EDT
"mytest143" time elapsed: 00:00:00
----------------------------------------------------------

144/1000 Testing: mytest144
144/1000 Test: mytest144
Command: "/home/ohr4/programs/cpp/lib_creation/build/tests/testex144"
Directory: .
"mytest144" start time: Apr 02 19:44 EDT
Output:
----------------------------------------------------------
we ClassEx227
<end of output>
Test time =   0.00 sec
----------------------------------------------------------
Test Passed.
"mytest144" end time: Apr 02 19:44 EDT
"mytest144" time elapsed: 00:00:00
----------------------------------------------------------

145/1000 Testing: mytest145
145/1000 Test: mytest145
Command: "/home/ohr4/programs/cpp/lib_creation/build/tests/testex145"
Directory: .
"mytest145" start time: Apr 02 19:44 EDT
Output:
----------------------------------------------------------
we ClassEx228
<end of output>
Test time =   0.00 sec
----------------------------------------------------------
Test Passed.
"mytest145" end time: Apr 02 19:44 EDT
"mytest145" time elapsed: 00:00:00
----------------------------------------------------------

146/1000 Testing: mytest146
146/1000 Test: mytest146
Command: "/home/ohr4/programs/cpp/lib_creation/build/tests/testex146"
Directory: .
"mytest146" start time: Apr 02 19:44 EDT
Output:
----------------------------------------------------------
we ClassEx229
<end of output>
Test time =   0.00 sec
----------------------------------------------------------
Test Passed.
"mytest146" end time: Apr 02 19:44 EDT
"mytest146" time elapsed: 00:00:00
----------------------------------------------------------

147/1000 Testing: mytest147
147/1000 Test: mytest147
Command: "/home/ohr4/programs/cpp/lib_creation/build/tests/testex147"
Directory: .
"mytest147" start time: Apr 02 19:44 EDT
Output:
----------------------------------------------------------
we ClassEx23
<end of output>
Test time =   0.00 sec
----------------------------------------------------------
Test Passed.
"mytest147" end time: Apr 02 19:44 EDT
"mytest147" time elapsed: 00:00:00
----------------------------------------------------------

148/1000 Testing: mytest148
148/1000 Test: mytest148
Command: "/home/ohr4/programs/cpp/lib_creation/build/tests/testex148"
Directory: .
"mytest148" start time: Apr 02 19:44 EDT
Output:
----------------------------------------------------------
we ClassEx230
<end of output>
Test time =   0.00 sec
----------------------------------------------------------
Test Passed.
"mytest148" end time: Apr 02 19:44 EDT
"mytest148" time elapsed: 00:00:00
----------------------------------------------------------

149/1000 Testing: mytest149
149/1000 Test: mytest149
Command: "/home/ohr4/programs/cpp/lib_creation/build/tests/testex149"
Directory: .
"mytest149" start time: Apr 02 19:44 EDT
Output:
----------------------------------------------------------
we ClassEx231
<end of output>
Test time =   0.00 sec
----------------------------------------------------------
Test Passed.
"mytest149" end time: Apr 02 19:44 EDT
"mytest149" time elapsed: 00:00:00
----------------------------------------------------------

150/1000 Testing: mytest150
150/1000 Test: mytest150
Command: "/home/ohr4/programs/cpp/lib_creation/build/tests/testex150"
Directory: .
"mytest150" start time: Apr 02 19:44 EDT
Output:
----------------------------------------------------------
we ClassEx232
<end of output>
Test time =   0.00 sec
----------------------------------------------------------
Test Passed.
"mytest150" end time: Apr 02 19:44 EDT
"mytest150" time elapsed: 00:00:00
----------------------------------------------------------

151/1000 Testing: mytest151
151/1000 Test: mytest151
Command: "/home/ohr4/programs/cpp/lib_creation/build/tests/testex151"
Directory: .
"mytest151" start time: Apr 02 19:44 EDT
Output:
----------------------------------------------------------
we ClassEx233
<end of output>
Test time =   0.00 sec
----------------------------------------------------------
Test Passed.
"mytest151" end time: Apr 02 19:44 EDT
"mytest151" time elapsed: 00:00:00
----------------------------------------------------------

152/1000 Testing: mytest152
152/1000 Test: mytest152
Command: "/home/ohr4/programs/cpp/lib_creation/build/tests/testex152"
Directory: .
"mytest152" start time: Apr 02 19:44 EDT
Output:
----------------------------------------------------------
we ClassEx234
<end of output>
Test time =   0.00 sec
----------------------------------------------------------
Test Passed.
"mytest152" end time: Apr 02 19:44 EDT
"mytest152" time elapsed: 00:00:00
----------------------------------------------------------

153/1000 Testing: mytest153
153/1000 Test: mytest153
Command: "/home/ohr4/programs/cpp/lib_creation/build/tests/testex153"
Directory: .
"mytest153" start time: Apr 02 19:44 EDT
Output:
----------------------------------------------------------
we ClassEx235
<end of output>
Test time =   0.00 sec
----------------------------------------------------------
Test Passed.
"mytest153" end time: Apr 02 19:44 EDT
"mytest153" time elapsed: 00:00:00
----------------------------------------------------------

154/1000 Testing: mytest154
154/1000 Test: mytest154
Command: "/home/ohr4/programs/cpp/lib_creation/build/tests/testex154"
Directory: .
"mytest154" start time: Apr 02 19:44 EDT
Output:
----------------------------------------------------------
we ClassEx236
<end of output>
Test time =   0.00 sec
----------------------------------------------------------
Test Passed.
"mytest154" end time: Apr 02 19:44 EDT
"mytest154" time elapsed: 00:00:00
----------------------------------------------------------

155/1000 Testing: mytest155
155/1000 Test: mytest155
Command: "/home/ohr4/programs/cpp/lib_creation/build/tests/testex155"
Directory: .
"mytest155" start time: Apr 02 19:44 EDT
Output:
----------------------------------------------------------
we ClassEx237
<end of output>
Test time =   0.00 sec
----------------------------------------------------------
Test Passed.
"mytest155" end time: Apr 02 19:44 EDT
"mytest155" time elapsed: 00:00:00
----------------------------------------------------------

156/1000 Testing: mytest156
156/1000 Test: mytest156
Command: "/home/ohr4/programs/cpp/lib_creation/build/tests/testex156"
Directory: .
"mytest156" start time: Apr 02 19:44 EDT
Output:
----------------------------------------------------------
we ClassEx238
<end of output>
Test time =   0.00 sec
----------------------------------------------------------
Test Passed.
"mytest156" end time: Apr 02 19:44 EDT
"mytest156" time elapsed: 00:00:00
----------------------------------------------------------

157/1000 Testing: mytest157
157/1000 Test: mytest157
Command: "/home/ohr4/programs/cpp/lib_creation/build/tests/testex157"
Directory: .
"mytest157" start time: Apr 02 19:44 EDT
Output:
----------------------------------------------------------
we ClassEx239
<end of output>
Test time =   0.00 sec
----------------------------------------------------------
Test Passed.
"mytest157" end time: Apr 02 19:44 EDT
"mytest157" time elapsed: 00:00:00
----------------------------------------------------------

158/1000 Testing: mytest158
158/1000 Test: mytest158
Command: "/home/ohr4/programs/cpp/lib_creation/build/tests/testex158"
Directory: .
"mytest158" start time: Apr 02 19:44 EDT
Output:
----------------------------------------------------------
we ClassEx24
<end of output>
Test time =   0.00 sec
----------------------------------------------------------
Test Passed.
"mytest158" end time: Apr 02 19:44 EDT
"mytest158" time elapsed: 00:00:00
----------------------------------------------------------

159/1000 Testing: mytest159
159/1000 Test: mytest159
Command: "/home/ohr4/programs/cpp/lib_creation/build/tests/testex159"
Directory: .
"mytest159" start time: Apr 02 19:44 EDT
Output:
----------------------------------------------------------
we ClassEx240
<end of output>
Test time =   0.00 sec
----------------------------------------------------------
Test Passed.
"mytest159" end time: Apr 02 19:44 EDT
"mytest159" time elapsed: 00:00:00
----------------------------------------------------------

160/1000 Testing: mytest160
160/1000 Test: mytest160
Command: "/home/ohr4/programs/cpp/lib_creation/build/tests/testex160"
Directory: .
"mytest160" start time: Apr 02 19:44 EDT
Output:
----------------------------------------------------------
we ClassEx241
<end of output>
Test time =   0.00 sec
----------------------------------------------------------
Test Passed.
"mytest160" end time: Apr 02 19:44 EDT
"mytest160" time elapsed: 00:00:00
----------------------------------------------------------

161/1000 Testing: mytest161
161/1000 Test: mytest161
Command: "/home/ohr4/programs/cpp/lib_creation/build/tests/testex161"
Directory: .
"mytest161" start time: Apr 02 19:44 EDT
Output:
----------------------------------------------------------
we ClassEx242
<end of output>
Test time =   0.00 sec
[...]
Output:
----------------------------------------------------------
we ClassEx963
<end of output>
Test time =   0.00 sec
----------------------------------------------------------
Test Passed.
"mytest961" end time: Apr 02 19:44 EDT
"mytest961" time elapsed: 00:00:00
----------------------------------------------------------

962/1000 Testing: mytest962
962/1000 Test: mytest962
Command: "/home/ohr4/programs/cpp/lib_creation/build/tests/testex962"
Directory: .
"mytest962" start time: Apr 02 19:44 EDT
Output:
----------------------------------------------------------
we ClassEx964
<end of output>
Test time =   0.00 sec
----------------------------------------------------------
Test Passed.
"mytest962" end time: Apr 02 19:44 EDT
"mytest962" time elapsed: 00:00:00
----------------------------------------------------------

963/1000 Testing: mytest963
963/1000 Test: mytest963
Command: "/home/ohr4/programs/cpp/lib_creation/build/tests/testex963"
Directory: .
"mytest963" start time: Apr 02 19:44 EDT
Output:
----------------------------------------------------------
we ClassEx965
<end of output>
Test time =   0.00 sec
----------------------------------------------------------
Test Passed.
"mytest963" end time: Apr 02 19:44 EDT
"mytest963" time elapsed: 00:00:00
----------------------------------------------------------

964/1000 Testing: mytest964
964/1000 Test: mytest964
Command: "/home/ohr4/programs/cpp/lib_creation/build/tests/testex964"
Directory: .
"mytest964" start time: Apr 02 19:44 EDT
Output:
----------------------------------------------------------
we ClassEx966
<end of output>
Test time =   0.00 sec
----------------------------------------------------------
Test Passed.
"mytest964" end time: Apr 02 19:44 EDT
"mytest964" time elapsed: 00:00:00
----------------------------------------------------------

965/1000 Testing: mytest965
965/1000 Test: mytest965
Command: "/home/ohr4/programs/cpp/lib_creation/build/tests/testex965"
Directory: .
"mytest965" start time: Apr 02 19:44 EDT
Output:
----------------------------------------------------------
we ClassEx967
<end of output>
Test time =   0.00 sec
----------------------------------------------------------
Test Passed.
"mytest965" end time: Apr 02 19:44 EDT
"mytest965" time elapsed: 00:00:00
----------------------------------------------------------

966/1000 Testing: mytest966
966/1000 Test: mytest966
Command: "/home/ohr4/programs/cpp/lib_creation/build/tests/testex966"
Directory: .
"mytest966" start time: Apr 02 19:44 EDT
Output:
----------------------------------------------------------
we ClassEx968
<end of output>
Test time =   0.00 sec
----------------------------------------------------------
Test Passed.
"mytest966" end time: Apr 02 19:44 EDT
"mytest966" time elapsed: 00:00:00
----------------------------------------------------------

967/1000 Testing: mytest967
967/1000 Test: mytest967
Command: "/home/ohr4/programs/cpp/lib_creation/build/tests/testex967"
Directory: .
"mytest967" start time: Apr 02 19:44 EDT
Output:
----------------------------------------------------------
we ClassEx969
<end of output>
Test time =   0.00 sec
----------------------------------------------------------
Test Passed.
"mytest967" end time: Apr 02 19:44 EDT
"mytest967" time elapsed: 00:00:00
----------------------------------------------------------

968/1000 Testing: mytest968
968/1000 Test: mytest968
Command: "/home/ohr4/programs/cpp/lib_creation/build/tests/testex968"
Directory: .
"mytest968" start time: Apr 02 19:44 EDT
Output:
----------------------------------------------------------
we ClassEx97
<end of output>
Test time =   0.00 sec
----------------------------------------------------------
Test Passed.
"mytest968" end time: Apr 02 19:44 EDT
"mytest968" time elapsed: 00:00:00
----------------------------------------------------------

969/1000 Testing: mytest969
969/1000 Test: mytest969
Command: "/home/ohr4/programs/cpp/lib_creation/build/tests/testex969"
Directory: .
"mytest969" start time: Apr 02 19:44 EDT
Output:
----------------------------------------------------------
we ClassEx970
<end of output>
Test time =   0.00 sec
----------------------------------------------------------
Test Passed.
"mytest969" end time: Apr 02 19:44 EDT
"mytest969" time elapsed: 00:00:00
----------------------------------------------------------

970/1000 Testing: mytest970
970/1000 Test: mytest970
Command: "/home/ohr4/programs/cpp/lib_creation/build/tests/testex970"
Directory: .
"mytest970" start time: Apr 02 19:44 EDT
Output:
----------------------------------------------------------
we ClassEx971
<end of output>
Test time =   0.00 sec
----------------------------------------------------------
Test Passed.
"mytest970" end time: Apr 02 19:44 EDT
"mytest970" time elapsed: 00:00:00
----------------------------------------------------------

971/1000 Testing: mytest971
971/1000 Test: mytest971
Command: "/home/ohr4/programs/cpp/lib_creation/build/tests/testex971"
Directory: .
"mytest971" start time: Apr 02 19:44 EDT
Output:
----------------------------------------------------------
we ClassEx972
<end of output>
Test time =   0.00 sec
----------------------------------------------------------
Test Passed.
"mytest971" end time: Apr 02 19:44 EDT
"mytest971" time elapsed: 00:00:00
----------------------------------------------------------

972/1000 Testing: mytest972
972/1000 Test: mytest972
Command: "/home/ohr4/programs/cpp/lib_creation/build/tests/testex972"
Directory: .
"mytest972" start time: Apr 02 19:44 EDT
Output:
----------------------------------------------------------
we ClassEx973
<end of output>
Test time =   0.00 sec
----------------------------------------------------------
Test Passed.
"mytest972" end time: Apr 02 19:44 EDT
"mytest972" time elapsed: 00:00:00
----------------------------------------------------------

973/1000 Testing: mytest973
973/1000 Test: mytest973
Command: "/home/ohr4/programs/cpp/lib_creation/build/tests/testex973"
Directory: .
"mytest973" start time: Apr 02 19:44 EDT
Output:
----------------------------------------------------------
we ClassEx974
<end of output>
Test time =   0.00 sec
----------------------------------------------------------
Test Passed.
"mytest973" end time: Apr 02 19:44 EDT
"mytest973" time elapsed: 00:00:00
----------------------------------------------------------

974/1000 Testing: mytest974
974/1000 Test: mytest974
Command: "/home/ohr4/programs/cpp/lib_creation/build/tests/testex974"
Directory: .
"mytest974" start time: Apr 02 19:44 EDT
Output:
----------------------------------------------------------
we ClassEx975
<end of output>
Test time =   0.00 sec
----------------------------------------------------------
Test Passed.
"mytest974" end time: Apr 02 19:44 EDT
"mytest974" time elapsed: 00:00:00
----------------------------------------------------------

975/1000 Testing: mytest975
975/1000 Test: mytest975
Command: "/home/ohr4/programs/cpp/lib_creation/build/tests/testex975"
Directory: .
"mytest975" start time: Apr 02 19:44 EDT
Output:
----------------------------------------------------------
we ClassEx976
<end of output>
Test time =   0.00 sec
----------------------------------------------------------
Test Passed.
"mytest975" end time: Apr 02 19:44 EDT
"mytest975" time elapsed: 00:00:00
----------------------------------------------------------

976/1000 Testing: mytest976
976/1000 Test: mytest976
Command: "/home/ohr4/programs/cpp/lib_creation/build/tests/testex976"
Directory: .
"mytest976" start time: Apr 02 19:44 EDT
Output:
----------------------------------------------------------
we ClassEx977
<end of output>
Test time =   0.00 sec
----------------------------------------------------------
Test Passed.
"mytest976" end time: Apr 02 19:44 EDT
"mytest976" time elapsed: 00:00:00
----------------------------------------------------------

977/1000 Testing: mytest977
977/1000 Test: mytest977
Command: "/home/ohr4/programs/cpp/lib_creation/build/tests/testex977"
Directory: .
"mytest977" start time: Apr 02 19:44 EDT
Output:
----------------------------------------------------------
we ClassEx978
<end of output>
Test time =   0.00 sec
----------------------------------------------------------
Test Passed.
"mytest977" end time: Apr 02 19:44 EDT
"mytest977" time elapsed: 00:00:00
----------------------------------------------------------

978/1000 Testing: mytest978
978/1000 Test: mytest978
Command: "/home/ohr4/programs/cpp/lib_creation/build/tests/testex978"
Directory: .
"mytest978" start time: Apr 02 19:44 EDT
Output:
----------------------------------------------------------
we ClassEx979
<end of output>
Test time =   0.00 sec
----------------------------------------------------------
Test Passed.
"mytest978" end time: Apr 02 19:44 EDT
"mytest978" time elapsed: 00:00:00
----------------------------------------------------------

979/1000 Testing: mytest979
979/1000 Test: mytest979
Command: "/home/ohr4/programs/cpp/lib_creation/build/tests/testex979"
Directory: .
"mytest979" start time: Apr 02 19:44 EDT
Output:
----------------------------------------------------------
we ClassEx98
<end of output>
Test time =   0.00 sec
----------------------------------------------------------
Test Passed.
"mytest979" end time: Apr 02 19:44 EDT
"mytest979" time elapsed: 00:00:00
----------------------------------------------------------

980/1000 Testing: mytest980
980/1000 Test: mytest980
Command: "/home/ohr4/programs/cpp/lib_creation/build/tests/testex980"
Directory: .
"mytest980" start time: Apr 02 19:44 EDT
Output:
----------------------------------------------------------
we ClassEx980
<end of output>
Test time =   0.00 sec
----------------------------------------------------------
Test Passed.
"mytest980" end time: Apr 02 19:44 EDT
"mytest980" time elapsed: 00:00:00
----------------------------------------------------------

981/1000 Testing: mytest981
981/1000 Test: mytest981
Command: "/home/ohr4/programs/cpp/lib_creation/build/tests/testex981"
Directory: .
"mytest981" start time: Apr 02 19:44 EDT
Output:
----------------------------------------------------------
we ClassEx981
<end of output>
Test time =   0.00 sec
----------------------------------------------------------
Test Passed.
"mytest981" end time: Apr 02 19:44 EDT
"mytest981" time elapsed: 00:00:00
----------------------------------------------------------

982/1000 Testing: mytest982
982/1000 Test: mytest982
Command: "/home/ohr4/programs/cpp/lib_creation/build/tests/testex982"
Directory: .
"mytest982" start time: Apr 02 19:44 EDT
Output:
----------------------------------------------------------
we ClassEx982
<end of output>
Test time =   0.00 sec
----------------------------------------------------------
Test Passed.
"mytest982" end time: Apr 02 19:44 EDT
"mytest982" time elapsed: 00:00:00
----------------------------------------------------------

983/1000 Testing: mytest983
983/1000 Test: mytest983
Command: "/home/ohr4/programs/cpp/lib_creation/build/tests/testex983"
Directory: .
"mytest983" start time: Apr 02 19:44 EDT
Output:
----------------------------------------------------------
we ClassEx983
<end of output>
Test time =   0.00 sec
----------------------------------------------------------
Test Passed.
"mytest983" end time: Apr 02 19:44 EDT
"mytest983" time elapsed: 00:00:00
----------------------------------------------------------

984/1000 Testing: mytest984
984/1000 Test: mytest984
Command: "/home/ohr4/programs/cpp/lib_creation/build/tests/testex984"
Directory: .
"mytest984" start time: Apr 02 19:44 EDT
Output:
----------------------------------------------------------
we ClassEx984
<end of output>
Test time =   0.00 sec
----------------------------------------------------------
Test Passed.
"mytest984" end time: Apr 02 19:44 EDT
"mytest984" time elapsed: 00:00:00
----------------------------------------------------------

985/1000 Testing: mytest985
985/1000 Test: mytest985
Command: "/home/ohr4/programs/cpp/lib_creation/build/tests/testex985"
Directory: .
"mytest985" start time: Apr 02 19:44 EDT
Output:
----------------------------------------------------------
we ClassEx985
<end of output>
Test time =   0.00 sec
----------------------------------------------------------
Test Passed.
"mytest985" end time: Apr 02 19:44 EDT
"mytest985" time elapsed: 00:00:00
----------------------------------------------------------

986/1000 Testing: mytest986
986/1000 Test: mytest986
Command: "/home/ohr4/programs/cpp/lib_creation/build/tests/testex986"
Directory: .
"mytest986" start time: Apr 02 19:44 EDT
Output:
----------------------------------------------------------
we ClassEx986
<end of output>
Test time =   0.00 sec
----------------------------------------------------------
Test Passed.
"mytest986" end time: Apr 02 19:44 EDT
"mytest986" time elapsed: 00:00:00
----------------------------------------------------------

987/1000 Testing: mytest987
987/1000 Test: mytest987
Command: "/home/ohr4/programs/cpp/lib_creation/build/tests/testex987"
Directory: .
"mytest987" start time: Apr 02 19:44 EDT
Output:
----------------------------------------------------------
we ClassEx987
<end of output>
Test time =   0.00 sec
----------------------------------------------------------
Test Passed.
"mytest987" end time: Apr 02 19:44 EDT
"mytest987" time elapsed: 00:00:00
----------------------------------------------------------

988/1000 Testing: mytest988
988/1000 Test: mytest988
Command: "/home/ohr4/programs/cpp/lib_creation/build/tests/testex988"
Directory: .
"mytest988" start time: Apr 02 19:44 EDT
Output:
----------------------------------------------------------
we ClassEx988
<end of output>
Test time =   0.00 sec
----------------------------------------------------------
Test Passed.
"mytest988" end time: Apr 02 19:44 EDT
"mytest988" time elapsed: 00:00:00
----------------------------------------------------------

989/1000 Testing: mytest989
989/1000 Test: mytest989
Command: "/home/ohr4/programs/cpp/lib_creation/build/tests/testex989"
Directory: .
"mytest989" start time: Apr 02 19:44 EDT
Output:
----------------------------------------------------------
we ClassEx989
<end of output>
Test time =   0.00 sec
----------------------------------------------------------
Test Passed.
"mytest989" end time: Apr 02 19:44 EDT
"mytest989" time elapsed: 00:00:00
----------------------------------------------------------

990/1000 Testing: mytest990
990/1000 Test: mytest990
Command: "/home/ohr4/programs/cpp/lib_creation/build/tests/testex990"
Directory: .
"mytest990" start time: Apr 02 19:44 EDT
Output:
----------------------------------------------------------
we ClassEx99
<end of output>
Test time =   0.00 sec
----------------------------------------------------------
Test Passed.
"mytest990" end time: Apr 02 19:44 EDT
"mytest990" time elapsed: 00:00:00
----------------------------------------------------------

991/1000 Testing: mytest991
991/1000 Test: mytest991
Command: "/home/ohr4/programs/cpp/lib_creation/build/tests/testex991"
Directory: .
"mytest991" start time: Apr 02 19:44 EDT
Output:
----------------------------------------------------------
we ClassEx990
<end of output>
Test time =   0.00 sec
----------------------------------------------------------
Test Passed.
"mytest991" end time: Apr 02 19:44 EDT
"mytest991" time elapsed: 00:00:00
----------------------------------------------------------

992/1000 Testing: mytest992
992/1000 Test: mytest992
Command: "/home/ohr4/programs/cpp/lib_creation/build/tests/testex992"
Directory: .
"mytest992" start time: Apr 02 19:44 EDT
Output:
----------------------------------------------------------
we ClassEx991
<end of output>
Test time =   0.00 sec
----------------------------------------------------------
Test Passed.
"mytest992" end time: Apr 02 19:44 EDT
"mytest992" time elapsed: 00:00:00
----------------------------------------------------------

993/1000 Testing: mytest993
993/1000 Test: mytest993
Command: "/home/ohr4/programs/cpp/lib_creation/build/tests/testex993"
Directory: .
"mytest993" start time: Apr 02 19:44 EDT
Output:
----------------------------------------------------------
we ClassEx992
<end of output>
Test time =   0.00 sec
----------------------------------------------------------
Test Passed.
"mytest993" end time: Apr 02 19:44 EDT
"mytest993" time elapsed: 00:00:00
----------------------------------------------------------

994/1000 Testing: mytest994
994/1000 Test: mytest994
Command: "/home/ohr4/programs/cpp/lib_creation/build/tests/testex994"
Directory: .
"mytest994" start time: Apr 02 19:44 EDT
Output:
----------------------------------------------------------
we ClassEx993
<end of output>
Test time =   0.00 sec
----------------------------------------------------------
Test Passed.
"mytest994" end time: Apr 02 19:44 EDT
"mytest994" time elapsed: 00:00:00
----------------------------------------------------------

995/1000 Testing: mytest995
995/1000 Test: mytest995
Command: "/home/ohr4/programs/cpp/lib_creation/build/tests/testex995"
Directory: .
"mytest995" start time: Apr 02 19:44 EDT
Output:
----------------------------------------------------------
we ClassEx994
<end of output>
Test time =   0.00 sec
----------------------------------------------------------
Test Passed.
"mytest995" end time: Apr 02 19:44 EDT
"mytest995" time elapsed: 00:00:00
----------------------------------------------------------

996/1000 Testing: mytest996
996/1000 Test: mytest996
Command: "/home/ohr4/programs/cpp/lib_creation/build/tests/testex996"
Directory: .
"mytest996" start time: Apr 02 19:44 EDT
Output:
----------------------------------------------------------
we ClassEx995
<end of output>
Test time =   0.00 sec
----------------------------------------------------------
Test Passed.
"mytest996" end time: Apr 02 19:44 EDT
"mytest996" time elapsed: 00:00:00
----------------------------------------------------------

997/1000 Testing: mytest997
997/1000 Test: mytest997
Command: "/home/ohr4/programs/cpp/lib_creation/build/tests/testex997"
Directory: .
"mytest997" start time: Apr 02 19:44 EDT
Output:
----------------------------------------------------------
we ClassEx996
<end of output>
Test time =   0.00 sec
----------------------------------------------------------
Test Passed.
"mytest997" end time: Apr 02 19:44 EDT
"mytest997" time elapsed: 00:00:00
----------------------------------------------------------

998/1000 Testing: mytest998
998/1000 Test: mytest998
Command: "/home/ohr4/programs/cpp/lib_creation/build/tests/testex998"
Directory: .
"mytest998" start time: Apr 02 19:44 EDT
Output:
----------------------------------------------------------
we ClassEx997
<end of output>
Test time =   0.00 sec
----------------------------------------------------------
Test Passed.
"mytest998" end time: Apr 02 19:44 EDT
"mytest998" time elapsed: 00:00:00
----------------------------------------------------------

999/1000 Testing: mytest999
999/1000 Test: mytest999
Command: "/home/ohr4/programs/cpp/lib_creation/build/tests/testex999"
Directory: .
"mytest999" start time: Apr 02 19:44 EDT
Output:
----------------------------------------------------------
we ClassEx998
<end of output>
Test time =   0.00 sec
----------------------------------------------------------
Test Passed.
"mytest999" end time: Apr 02 19:44 EDT
"mytest999" time elapsed: 00:00:00
----------------------------------------------------------

1000/1000 Testing: mytest1000
1000/1000 Test: mytest1000
Command: "/home/ohr4/programs/cpp/lib_creation/build/tests/testex1000"
Directory: .
"mytest1000" start time: Apr 02 19:44 EDT
Output:
----------------------------------------------------------
we ClassEx999
<end of output>
Test time =   0.00 sec
----------------------------------------------------------
Test Passed.
"mytest1000" end time: Apr 02 19:44 EDT
"mytest1000" time elapsed: 00:00:00
----------------------------------------------------------

End testing: Apr 02 19:44 EDT
